

--- New Covid Tracer Simulation ---

ID of Host Machine: /127.0.0.1
4, 0, 9, 4, No_COVID
5, 0, 2, 4, No_COVID
3, 0, 9, 8, COVID
1, 0, 5, 8, No_COVID
9, 0, 1, 6, No_COVID
0, 0, 1, 10, No_COVID
7, 0, 3, 8, No_COVID
8, 0, 6, 6, No_COVID
10, 1, 4, 7, No_COVID
6, 1, 6, 9, No_COVID
4, 1, 8, 4, No_COVID
7, 1, 4, 8, No_COVID
8, 1, 6, 7, No_COVID
3, 1, 10, 7, COVID
9, 1, 2, 7, No_COVID
10, 1, 3, 6, No_COVID
6, 1, 7, 8, No_COVID
4, 1, 8, 3, No_COVID
7, 1, 3, 9, No_COVID
8, 1, 5, 6, No_COVID
5, 1, 2, 5, No_COVID
9, 1, 3, 8, No_COVID
10, 2, 4, 6, No_COVID
4, 2, 8, 4, No_COVID
6, 2, 6, 9, No_COVID
1, 2, 6, 8, No_COVID
9, 2, 3, 7, No_COVID
0, 2, 1, 9, No_COVID
10, 2, 3, 5, No_COVID
2, 2, 2, 2, No_COVID
4, 2, 9, 5, No_COVID
6, 2, 7, 9, No_COVID
7, 2, 4, 10, No_COVID
8, 2, 6, 6, No_COVID
1, 2, 7, 8, No_COVID
5, 2, 3, 4, No_COVID
3, 2, 10, 8, COVID
2, 3, 2, 1, No_COVID
4, 3, 8, 5, No_COVID
6, 3, 7, 10, No_COVID
8, 3, 5, 6, No_COVID
9, 3, 2, 7, No_COVID
1, 3, 8, 8, No_COVID
5, 3, 2, 5, No_COVID
3, 3, 10, 9, COVID
2, 3, 3, 1, No_COVID
4, 3, 7, 6, No_COVID
6, 3, 6, 9, No_COVID
7, 3, 5, 10, No_COVID
8, 3, 5, 5, No_COVID
9, 3, 1, 6, No_COVID
5, 3, 3, 4, No_COVID
1, 3, 9, 9, No_COVID
10, 4, 2, 5, No_COVID
4, 4, 8, 5, No_COVID
6, 4, 7, 10, No_COVID
8, 4, 4, 5, No_COVID
9, 4, 2, 7, No_COVID
1, 4, 10, 8, No_COVID
0, 4, 1, 8, No_COVID
10, 4, 1, 5, No_COVID
2, 4, 2, 2, No_COVID
4, 4, 7, 4, No_COVID
6, 4, 6, 10, No_COVID
7, 4, 5, 9, No_COVID
8, 4, 5, 6, No_COVID
5, 4, 4, 3, No_COVID
0, 5, 2, 8, No_COVID
2, 5, 1, 2, No_COVID
4, 5, 8, 4, No_COVID
7, 5, 5, 10, No_COVID
8, 5, 4, 5, No_COVID
5, 5, 4, 4, No_COVID
9, 5, 1, 8, No_COVID
3, 5, 10, 10, COVID
2, 5, 1, 3, No_COVID
8, 5, 3, 5, No_COVID
3, 6, 9, 9, COVID
0, 6, 2, 7, No_COVID
9, 6, 1, 7, No_COVID
10, 6, 1, 6, No_COVID
6, 6, 5, 9, No_COVID
4, 6, 8, 3, No_COVID
5, 6, 5, 3, No_COVID
3, 6, 8, 9, COVID
4, 6, 9, 2, No_COVID
2, 6, 2, 3, No_COVID
8, 6, 4, 4, No_COVID
6, 6, 6, 9, No_COVID
5, 6, 5, 2, No_COVID
3, 7, 8, 8, COVID
1, 7, 9, 8, No_COVID
4, 7, 10, 1, No_COVID
8, 7, 5, 3, No_COVID
5, 7, 6, 2, No_COVID
6, 7, 7, 10, No_COVID
3, 7, 7, 9, COVID
9, 7, 1, 8, No_COVID
1, 7, 10, 9, No_COVID
8, 8, 4, 3, No_COVID
5, 8, 6, 1, No_COVID
0, 8, 2, 8, No_COVID
1, 8, 10, 10, No_COVID
2, 8, 3, 3, No_COVID
10, 8, 1, 7, No_COVID
7, 8, 5, 9, No_COVID
8, 8, 4, 4, No_COVID
6, 8, 8, 10, No_COVID
9, 8, 1, 9, No_COVID
2, 8, 2, 3, No_COVID
1, 8, 9, 9, No_COVID
4, 8, 10, 2, No_COVID
7, 9, 6, 9, No_COVID
8, 9, 5, 5, No_COVID
9, 9, 2, 10, No_COVID
2, 9, 1, 3, No_COVID
1, 9, 9, 8, No_COVID
4, 9, 10, 1, No_COVID
8, 9, 6, 5, No_COVID
3, 9, 6, 10, COVID
9, 9, 3, 10, No_COVID
0, 9, 3, 9, No_COVID
1, 9, 9, 7, No_COVID
7, 10, 5, 8, No_COVID


--- New Covid Tracer Simulation ---

ID of Host Machine: /127.0.0.1
2, 0, 5, 20, No_COVID
4, 0, 1, 2, COVID
8, 0, 6, 21, No_COVID
5, 0, 2, 16, No_COVID
7, 0, 3, 21, No_COVID
3, 0, 9, 24, No_COVID
6, 0, 9, 12, No_COVID
9, 1, 9, 29, No_COVID
0, 1, 8, 10, No_COVID
5, 1, 3, 17, No_COVID
3, 1, 10, 24, No_COVID
7, 1, 4, 22, No_COVID
6, 1, 10, 11, No_COVID
2, 1, 4, 19, No_COVID
0, 1, 8, 9, No_COVID
9, 1, 8, 30, No_COVID
3, 1, 9, 24, No_COVID
5, 1, 4, 17, No_COVID
7, 1, 5, 22, No_COVID
2, 2, 3, 19, No_COVID
0, 2, 9, 9, No_COVID
5, 2, 5, 16, No_COVID
7, 2, 6, 23, No_COVID
3, 2, 8, 23, No_COVID
6, 2, 9, 12, No_COVID
2, 2, 3, 20, No_COVID
8, 2, 7, 21, No_COVID
9, 2, 9, 30, No_COVID
0, 2, 8, 10, No_COVID
1, 2, 2, 29, No_COVID
7, 2, 7, 23, No_COVID
3, 2, 9, 23, No_COVID
6, 2, 8, 12, No_COVID
2, 3, 2, 20, No_COVID
5, 3, 4, 15, No_COVID
8, 3, 6, 22, No_COVID
9, 3, 10, 29, No_COVID
0, 3, 9, 9, No_COVID
1, 3, 3, 28, No_COVID
6, 3, 7, 13, No_COVID
7, 3, 7, 22, No_COVID
3, 3, 10, 24, No_COVID
2, 3, 1, 21, No_COVID
9, 3, 10, 30, No_COVID
4, 3, 2, 3, COVID
5, 3, 3, 15, No_COVID
1, 3, 2, 27, No_COVID
0, 3, 8, 10, No_COVID
8, 3, 5, 21, No_COVID
6, 3, 6, 13, No_COVID
7, 3, 8, 21, No_COVID
2, 4, 2, 21, No_COVID
5, 4, 2, 16, No_COVID
4, 4, 1, 2, COVID
0, 4, 8, 9, No_COVID
8, 4, 4, 22, No_COVID
1, 4, 2, 26, No_COVID
3, 4, 10, 23, No_COVID
6, 4, 5, 14, No_COVID
2, 4, 1, 20, No_COVID
1, 4, 1, 25, No_COVID
5, 4, 3, 16, No_COVID
8, 4, 4, 23, No_COVID
0, 4, 9, 10, No_COVID
7, 4, 7, 22, No_COVID
3, 4, 9, 22, No_COVID
6, 4, 5, 13, No_COVID
0, 5, 10, 11, No_COVID
5, 5, 3, 15, No_COVID
8, 5, 4, 22, No_COVID
1, 5, 2, 25, No_COVID
6, 5, 4, 13, No_COVID
7, 5, 8, 22, No_COVID
3, 5, 10, 22, No_COVID
2, 5, 1, 21, No_COVID
1, 5, 1, 26, No_COVID
5, 5, 4, 14, No_COVID
8, 5, 3, 21, No_COVID
4, 5, 2, 2, COVID
7, 5, 7, 23, No_COVID
6, 5, 3, 13, No_COVID
2, 6, 2, 22, No_COVID
0, 6, 10, 12, No_COVID
4, 6, 2, 3, COVID
5, 6, 3, 15, No_COVID
9, 6, 9, 30, No_COVID
7, 6, 6, 24, No_COVID
6, 6, 2, 14, No_COVID
2, 6, 1, 21, No_COVID
9, 6, 8, 30, No_COVID
0, 6, 10, 11, No_COVID
5, 6, 2, 16, No_COVID
4, 6, 1, 4, COVID
8, 6, 3, 22, No_COVID
3, 6, 10, 21, No_COVID
6, 6, 2, 13, No_COVID
7, 6, 7, 24, No_COVID
5, 7, 3, 15, No_COVID
8, 7, 4, 21, No_COVID
4, 7, 2, 4, COVID
9, 7, 9, 29, No_COVID
6, 7, 3, 12, No_COVID
7, 7, 8, 25, No_COVID
0, 7, 10, 10, No_COVID
8, 7, 5, 22, No_COVID
4, 7, 3, 4, COVID
1, 7, 2, 25, No_COVID
5, 7, 2, 16, No_COVID
9, 7, 8, 28, No_COVID
6, 7, 4, 12, No_COVID
7, 7, 9, 26, No_COVID
0, 8, 9, 9, No_COVID
4, 8, 4, 3, COVID
8, 8, 6, 21, No_COVID
1, 8, 1, 26, No_COVID
9, 8, 9, 28, No_COVID
7, 8, 9, 25, No_COVID
6, 8, 3, 11, No_COVID
5, 8, 1, 17, No_COVID
2, 8, 2, 22, No_COVID
0, 8, 10, 8, No_COVID
6, 8, 4, 10, No_COVID
9, 8, 10, 27, No_COVID
7, 8, 8, 26, No_COVID
4, 8, 3, 3, COVID
3, 8, 9, 20, No_COVID
8, 8, 7, 20, No_COVID
2, 9, 1, 22, No_COVID
0, 9, 10, 9, No_COVID
5, 9, 2, 17, No_COVID
9, 9, 9, 26, No_COVID
3, 9, 8, 19, No_COVID
6, 9, 3, 11, No_COVID
4, 9, 2, 3, COVID
7, 9, 7, 26, No_COVID
2, 9, 1, 21, No_COVID
8, 9, 8, 21, No_COVID
7, 9, 6, 25, No_COVID
3, 9, 8, 20, No_COVID
1, 9, 2, 26, No_COVID
6, 9, 3, 10, No_COVID
4, 9, 1, 4, COVID
9, 9, 8, 26, No_COVID
2, 10, 1, 20, No_COVID
